<?xml version="1.0" encoding="UTF-8"?>
<robot generator="Robot 5.0 (Python 3.9.7 on win32)" generated="20220406 02:06:07.455" rpa="false" schemaversion="3">
<suite id="s1" name="TC 005 Governor UI" source="C:\Users\10059758\PycharmProjects\OPPENHEIMER\TestCases\TC_005_Governor_UI.robot">
<test id="s1-t1" name="TC005 Governor UI" line="9">
<kw name="Start Browser" library="Common">
<kw name="Open Browser" library="SeleniumLibrary">
<arg>http://localhost:8080/</arg>
<arg>Chrome</arg>
<doc>Opens a new browser instance to the optional ``url``.</doc>
<msg timestamp="20220406 02:06:07.767" level="INFO">Opening browser 'Chrome' to base url 'http://localhost:8080/'.</msg>
<status status="PASS" starttime="20220406 02:06:07.767" endtime="20220406 02:06:13.123"/>
</kw>
<kw name="Maximize Browser Window" library="SeleniumLibrary">
<doc>Maximizes current browser window.</doc>
<status status="PASS" starttime="20220406 02:06:13.124" endtime="20220406 02:06:13.255"/>
</kw>
<status status="PASS" starttime="20220406 02:06:07.766" endtime="20220406 02:06:13.255"/>
</kw>
<kw name="Page Should Contain Element" library="SeleniumLibrary">
<arg>xpath=//a[text()='Dispense Now']</arg>
<doc>Verifies that element ``locator`` is found on the current page.</doc>
<msg timestamp="20220406 02:06:13.272" level="INFO">Current page contains element 'xpath=//a[text()='Dispense Now']'.</msg>
<status status="PASS" starttime="20220406 02:06:13.255" endtime="20220406 02:06:13.272"/>
</kw>
<kw name="Get Element Attribute" library="SeleniumLibrary">
<var>${url}</var>
<arg>xpath=//a[text()='Dispense Now']</arg>
<arg>href</arg>
<doc>Returns the value of ``attribute`` from the element ``locator``.</doc>
<msg timestamp="20220406 02:06:13.302" level="INFO">${url} = http://localhost:8080/dispense</msg>
<status status="PASS" starttime="20220406 02:06:13.272" endtime="20220406 02:06:13.302"/>
</kw>
<kw name="Should Be Equal" library="BuiltIn">
<arg>${url}</arg>
<arg>${dispense_url}</arg>
<doc>Fails if the given objects are unequal.</doc>
<status status="PASS" starttime="20220406 02:06:13.302" endtime="20220406 02:06:13.303"/>
</kw>
<kw name="Click Element" library="SeleniumLibrary">
<arg>xpath://a[text()='Dispense Now']</arg>
<doc>Click the element identified by ``locator``.</doc>
<msg timestamp="20220406 02:06:13.303" level="INFO">Clicking element 'xpath://a[text()='Dispense Now']'.</msg>
<status status="PASS" starttime="20220406 02:06:13.303" endtime="20220406 02:06:13.679"/>
</kw>
<kw name="Page Should Contain" library="SeleniumLibrary">
<arg>Cash dispensed</arg>
<doc>Verifies that current page contains ``text``.</doc>
<msg timestamp="20220406 02:06:13.694" level="INFO">Current page contains text 'Cash dispensed'.</msg>
<status status="PASS" starttime="20220406 02:06:13.679" endtime="20220406 02:06:13.694"/>
</kw>
<kw name="Sleep" library="BuiltIn">
<arg>3</arg>
<doc>Pauses the test executed for the given time.</doc>
<msg timestamp="20220406 02:06:16.697" level="INFO">Slept 3 seconds</msg>
<status status="PASS" starttime="20220406 02:06:13.695" endtime="20220406 02:06:16.697"/>
</kw>
<kw name="Close Browser" library="SeleniumLibrary">
<doc>Closes the current browser.</doc>
<status status="PASS" starttime="20220406 02:06:16.697" endtime="20220406 02:06:19.619"/>
</kw>
<status status="PASS" starttime="20220406 02:06:07.766" endtime="20220406 02:06:19.620"/>
</test>
<status status="PASS" starttime="20220406 02:06:07.459" endtime="20220406 02:06:19.625"/>
</suite>
<statistics>
<total>
<stat pass="1" fail="0" skip="0">All Tests</stat>
</total>
<tag>
</tag>
<suite>
<stat pass="1" fail="0" skip="0" id="s1" name="TC 005 Governor UI">TC 005 Governor UI</stat>
</suite>
</statistics>
<errors>
</errors>
</robot>
